d:\userdata\lt007\desktop\practice\array\array\x64\debug\array.pch
d:\userdata\lt007\desktop\practice\array\array\x64\debug\vc143.pdb
d:\userdata\lt007\desktop\practice\array\array\x64\debug\vc143.idb
d:\userdata\lt007\desktop\practice\array\array\x64\debug\pch.obj
d:\userdata\lt007\desktop\practice\array\array\x64\debug\arraydlg.obj
d:\userdata\lt007\desktop\practice\array\array\x64\debug\array.obj
d:\userdata\lt007\desktop\practice\array\x64\debug\array.exe
d:\userdata\lt007\desktop\practice\array\x64\debug\array.pdb
d:\userdata\lt007\desktop\practice\array\array\x64\debug\array.res
d:\userdata\lt007\desktop\practice\array\array\x64\debug\array.ilk
d:\userdata\lt007\desktop\practice\array\array\x64\debug\array.tlog\cl.command.1.tlog
d:\userdata\lt007\desktop\practice\array\array\x64\debug\array.tlog\cl.items.tlog
d:\userdata\lt007\desktop\practice\array\array\x64\debug\array.tlog\cl.read.1.tlog
d:\userdata\lt007\desktop\practice\array\array\x64\debug\array.tlog\cl.write.1.tlog
d:\userdata\lt007\desktop\practice\array\array\x64\debug\array.tlog\link.command.1.tlog
d:\userdata\lt007\desktop\practice\array\array\x64\debug\array.tlog\link.read.1.tlog
d:\userdata\lt007\desktop\practice\array\array\x64\debug\array.tlog\link.secondary.1.tlog
d:\userdata\lt007\desktop\practice\array\array\x64\debug\array.tlog\link.write.1.tlog
d:\userdata\lt007\desktop\practice\array\array\x64\debug\array.tlog\rc.command.1.tlog
d:\userdata\lt007\desktop\practice\array\array\x64\debug\array.tlog\rc.read.1.tlog
d:\userdata\lt007\desktop\practice\array\array\x64\debug\array.tlog\rc.write.1.tlog
